2025-09-18 14:09:32 -03:00: C:\PROGRAM FILES\NODEJS\NPX.CMD:1
2025-09-18 14:09:32 -03:00: :: Created by npm, please don't edit manually.
2025-09-18 14:09:32 -03:00: ^
2025-09-18 14:09:32 -03:00: 
2025-09-18 14:09:32 -03:00: SyntaxError: Unexpected token ':'
2025-09-18 14:09:32 -03:00:     at wrapSafe (node:internal/modules/cjs/loader:1662:18)
2025-09-18 14:09:32 -03:00:     at Module._compile (node:internal/modules/cjs/loader:1704:20)
2025-09-18 14:09:32 -03:00:     at Object..js (node:internal/modules/cjs/loader:1895:10)
2025-09-18 14:09:32 -03:00:     at Module.load (node:internal/modules/cjs/loader:1465:32)
2025-09-18 14:09:32 -03:00:     at Function._load (node:internal/modules/cjs/loader:1282:12)
2025-09-18 14:09:32 -03:00:     at TracingChannel.traceSync (node:diagnostics_channel:322:14)
2025-09-18 14:09:32 -03:00:     at wrapModuleLoad (node:internal/modules/cjs/loader:235:24)
2025-09-18 14:09:32 -03:00:     at Function.executeUserEntryPoint [as runMain] (node:internal/modules/run_main:171:5)
2025-09-18 14:09:32 -03:00:     at node:internal/main/run_main_module:36:49
2025-09-18 14:09:32 -03:00: 
2025-09-18 14:09:32 -03:00: Node.js v22.17.1
2025-09-18 14:09:33 -03:00: C:\PROGRAM FILES\NODEJS\NPX.CMD:1
2025-09-18 14:09:33 -03:00: :: Created by npm, please don't edit manually.
2025-09-18 14:09:33 -03:00: ^
2025-09-18 14:09:33 -03:00: 
2025-09-18 14:09:33 -03:00: SyntaxError: Unexpected token ':'
2025-09-18 14:09:33 -03:00:     at wrapSafe (node:internal/modules/cjs/loader:1662:18)
2025-09-18 14:09:33 -03:00:     at Module._compile (node:internal/modules/cjs/loader:1704:20)
2025-09-18 14:09:33 -03:00:     at Object..js (node:internal/modules/cjs/loader:1895:10)
2025-09-18 14:09:33 -03:00:     at Module.load (node:internal/modules/cjs/loader:1465:32)
2025-09-18 14:09:33 -03:00:     at Function._load (node:internal/modules/cjs/loader:1282:12)
2025-09-18 14:09:33 -03:00:     at TracingChannel.traceSync (node:diagnostics_channel:322:14)
2025-09-18 14:09:33 -03:00:     at wrapModuleLoad (node:internal/modules/cjs/loader:235:24)
2025-09-18 14:09:33 -03:00:     at Function.executeUserEntryPoint [as runMain] (node:internal/modules/run_main:171:5)
2025-09-18 14:09:33 -03:00:     at node:internal/main/run_main_module:36:49
2025-09-18 14:09:33 -03:00: 
2025-09-18 14:09:33 -03:00: Node.js v22.17.1
2025-09-18 14:09:33 -03:00: C:\PROGRAM FILES\NODEJS\NPX.CMD:1
2025-09-18 14:09:33 -03:00: :: Created by npm, please don't edit manually.
2025-09-18 14:09:33 -03:00: ^
2025-09-18 14:09:33 -03:00: 
2025-09-18 14:09:33 -03:00: SyntaxError: Unexpected token ':'
2025-09-18 14:09:33 -03:00:     at wrapSafe (node:internal/modules/cjs/loader:1662:18)
2025-09-18 14:09:33 -03:00:     at Module._compile (node:internal/modules/cjs/loader:1704:20)
2025-09-18 14:09:33 -03:00:     at Object..js (node:internal/modules/cjs/loader:1895:10)
2025-09-18 14:09:33 -03:00:     at Module.load (node:internal/modules/cjs/loader:1465:32)
2025-09-18 14:09:33 -03:00:     at Function._load (node:internal/modules/cjs/loader:1282:12)
2025-09-18 14:09:33 -03:00:     at TracingChannel.traceSync (node:diagnostics_channel:322:14)
2025-09-18 14:09:33 -03:00:     at wrapModuleLoad (node:internal/modules/cjs/loader:235:24)
2025-09-18 14:09:33 -03:00:     at Function.executeUserEntryPoint [as runMain] (node:internal/modules/run_main:171:5)
2025-09-18 14:09:33 -03:00:     at node:internal/main/run_main_module:36:49
2025-09-18 14:09:33 -03:00: 
2025-09-18 14:09:33 -03:00: Node.js v22.17.1
2025-09-18 14:09:33 -03:00: C:\PROGRAM FILES\NODEJS\NPX.CMD:1
2025-09-18 14:09:33 -03:00: :: Created by npm, please don't edit manually.
2025-09-18 14:09:33 -03:00: ^
2025-09-18 14:09:33 -03:00: 
2025-09-18 14:09:33 -03:00: SyntaxError: Unexpected token ':'
2025-09-18 14:09:33 -03:00:     at wrapSafe (node:internal/modules/cjs/loader:1662:18)
2025-09-18 14:09:33 -03:00:     at Module._compile (node:internal/modules/cjs/loader:1704:20)
2025-09-18 14:09:33 -03:00:     at Object..js (node:internal/modules/cjs/loader:1895:10)
2025-09-18 14:09:33 -03:00:     at Module.load (node:internal/modules/cjs/loader:1465:32)
2025-09-18 14:09:33 -03:00:     at Function._load (node:internal/modules/cjs/loader:1282:12)
2025-09-18 14:09:33 -03:00:     at TracingChannel.traceSync (node:diagnostics_channel:322:14)
2025-09-18 14:09:33 -03:00:     at wrapModuleLoad (node:internal/modules/cjs/loader:235:24)
2025-09-18 14:09:33 -03:00:     at Function.executeUserEntryPoint [as runMain] (node:internal/modules/run_main:171:5)
2025-09-18 14:09:33 -03:00:     at node:internal/main/run_main_module:36:49
2025-09-18 14:09:33 -03:00: 
2025-09-18 14:09:33 -03:00: Node.js v22.17.1
2025-09-18 14:09:33 -03:00: C:\PROGRAM FILES\NODEJS\NPX.CMD:1
2025-09-18 14:09:33 -03:00: :: Created by npm, please don't edit manually.
2025-09-18 14:09:33 -03:00: ^
2025-09-18 14:09:33 -03:00: 
2025-09-18 14:09:33 -03:00: SyntaxError: Unexpected token ':'
2025-09-18 14:09:33 -03:00:     at wrapSafe (node:internal/modules/cjs/loader:1662:18)
2025-09-18 14:09:33 -03:00:     at Module._compile (node:internal/modules/cjs/loader:1704:20)
2025-09-18 14:09:33 -03:00:     at Object..js (node:internal/modules/cjs/loader:1895:10)
2025-09-18 14:09:33 -03:00:     at Module.load (node:internal/modules/cjs/loader:1465:32)
2025-09-18 14:09:33 -03:00:     at Function._load (node:internal/modules/cjs/loader:1282:12)
2025-09-18 14:09:33 -03:00:     at TracingChannel.traceSync (node:diagnostics_channel:322:14)
2025-09-18 14:09:33 -03:00:     at wrapModuleLoad (node:internal/modules/cjs/loader:235:24)
2025-09-18 14:09:33 -03:00:     at Function.executeUserEntryPoint [as runMain] (node:internal/modules/run_main:171:5)
2025-09-18 14:09:33 -03:00:     at node:internal/main/run_main_module:36:49
2025-09-18 14:09:33 -03:00: 
2025-09-18 14:09:33 -03:00: Node.js v22.17.1
